e:\project_file\borring_project\visualgdb\debug\big_project.link.rsp
e:\project_file\borring_project\visualgdb\debug\big_project.bin
e:\project_file\borring_project\visualgdb\debug\big_project
e:\project_file\borring_project\project_code\visualgdb\debug\adc.o
e:\project_file\borring_project\project_code\visualgdb\debug\dma.o
e:\project_file\borring_project\project_code\visualgdb\debug\gpio.o
e:\project_file\borring_project\project_code\visualgdb\debug\iwdg.o
e:\project_file\borring_project\project_code\visualgdb\debug\kalman_filter.o
e:\project_file\borring_project\project_code\visualgdb\debug\main.o
e:\project_file\borring_project\project_code\visualgdb\debug\monitor.pb.o
e:\project_file\borring_project\project_code\visualgdb\debug\nanopb_usercode.o
e:\project_file\borring_project\project_code\visualgdb\debug\pb_common.o
e:\project_file\borring_project\project_code\visualgdb\debug\pb_decode.o
e:\project_file\borring_project\project_code\visualgdb\debug\pb_encode.o
e:\project_file\borring_project\project_code\visualgdb\debug\startup_stm32f103xb.o
e:\project_file\borring_project\project_code\visualgdb\debug\stm32f1xx_hal.o
e:\project_file\borring_project\project_code\visualgdb\debug\stm32f1xx_hal_adc.o
e:\project_file\borring_project\project_code\visualgdb\debug\stm32f1xx_hal_adc_ex.o
e:\project_file\borring_project\project_code\visualgdb\debug\stm32f1xx_hal_cortex.o
e:\project_file\borring_project\project_code\visualgdb\debug\stm32f1xx_hal_dma.o
e:\project_file\borring_project\project_code\visualgdb\debug\stm32f1xx_hal_flash.o
e:\project_file\borring_project\project_code\visualgdb\debug\stm32f1xx_hal_flash_ex.o
e:\project_file\borring_project\project_code\visualgdb\debug\stm32f1xx_hal_gpio.o
e:\project_file\borring_project\project_code\visualgdb\debug\stm32f1xx_hal_gpio_ex.o
e:\project_file\borring_project\project_code\visualgdb\debug\stm32f1xx_hal_iwdg.o
e:\project_file\borring_project\project_code\visualgdb\debug\stm32f1xx_hal_msp.o
e:\project_file\borring_project\project_code\visualgdb\debug\stm32f1xx_hal_pwr.o
e:\project_file\borring_project\project_code\visualgdb\debug\stm32f1xx_hal_rcc.o
e:\project_file\borring_project\project_code\visualgdb\debug\stm32f1xx_hal_rcc_ex.o
e:\project_file\borring_project\project_code\visualgdb\debug\stm32f1xx_hal_tim.o
e:\project_file\borring_project\project_code\visualgdb\debug\stm32f1xx_hal_tim_ex.o
e:\project_file\borring_project\project_code\visualgdb\debug\stm32f1xx_hal_uart.o
e:\project_file\borring_project\project_code\visualgdb\debug\stm32f1xx_it.o
e:\project_file\borring_project\project_code\visualgdb\debug\sys.o
e:\project_file\borring_project\project_code\visualgdb\debug\system_stm32f1xx.o
e:\project_file\borring_project\project_code\visualgdb\debug\tim.o
e:\project_file\borring_project\project_code\visualgdb\debug\usart.o
e:\project_file\borring_project\project_code\visualgdb\debug\adc.dep
e:\project_file\borring_project\project_code\visualgdb\debug\dma.dep
e:\project_file\borring_project\project_code\visualgdb\debug\gpio.dep
e:\project_file\borring_project\project_code\visualgdb\debug\iwdg.dep
e:\project_file\borring_project\project_code\visualgdb\debug\kalman_filter.dep
e:\project_file\borring_project\project_code\visualgdb\debug\main.dep
e:\project_file\borring_project\project_code\visualgdb\debug\monitor.pb.dep
e:\project_file\borring_project\project_code\visualgdb\debug\nanopb_usercode.dep
e:\project_file\borring_project\project_code\visualgdb\debug\pb_common.dep
e:\project_file\borring_project\project_code\visualgdb\debug\pb_decode.dep
e:\project_file\borring_project\project_code\visualgdb\debug\pb_encode.dep
e:\project_file\borring_project\project_code\visualgdb\debug\startup_stm32f103xb.dep
e:\project_file\borring_project\project_code\visualgdb\debug\stm32f1xx_hal.dep
e:\project_file\borring_project\project_code\visualgdb\debug\stm32f1xx_hal_adc.dep
e:\project_file\borring_project\project_code\visualgdb\debug\stm32f1xx_hal_adc_ex.dep
e:\project_file\borring_project\project_code\visualgdb\debug\stm32f1xx_hal_cortex.dep
e:\project_file\borring_project\project_code\visualgdb\debug\stm32f1xx_hal_dma.dep
e:\project_file\borring_project\project_code\visualgdb\debug\stm32f1xx_hal_flash.dep
e:\project_file\borring_project\project_code\visualgdb\debug\stm32f1xx_hal_flash_ex.dep
e:\project_file\borring_project\project_code\visualgdb\debug\stm32f1xx_hal_gpio.dep
e:\project_file\borring_project\project_code\visualgdb\debug\stm32f1xx_hal_gpio_ex.dep
e:\project_file\borring_project\project_code\visualgdb\debug\stm32f1xx_hal_iwdg.dep
e:\project_file\borring_project\project_code\visualgdb\debug\stm32f1xx_hal_msp.dep
e:\project_file\borring_project\project_code\visualgdb\debug\stm32f1xx_hal_pwr.dep
e:\project_file\borring_project\project_code\visualgdb\debug\stm32f1xx_hal_rcc.dep
e:\project_file\borring_project\project_code\visualgdb\debug\stm32f1xx_hal_rcc_ex.dep
e:\project_file\borring_project\project_code\visualgdb\debug\stm32f1xx_hal_tim.dep
e:\project_file\borring_project\project_code\visualgdb\debug\stm32f1xx_hal_tim_ex.dep
e:\project_file\borring_project\project_code\visualgdb\debug\stm32f1xx_hal_uart.dep
e:\project_file\borring_project\project_code\visualgdb\debug\stm32f1xx_it.dep
e:\project_file\borring_project\project_code\visualgdb\debug\sys.dep
e:\project_file\borring_project\project_code\visualgdb\debug\system_stm32f1xx.dep
e:\project_file\borring_project\project_code\visualgdb\debug\tim.dep
e:\project_file\borring_project\project_code\visualgdb\debug\usart.dep
e:\project_file\borring_project\project_code\visualgdb\debug\adc.gcc.rsp
e:\project_file\borring_project\project_code\visualgdb\debug\dma.gcc.rsp
e:\project_file\borring_project\project_code\visualgdb\debug\gpio.gcc.rsp
e:\project_file\borring_project\project_code\visualgdb\debug\iwdg.gcc.rsp
e:\project_file\borring_project\project_code\visualgdb\debug\kalman_filter.gcc.rsp
e:\project_file\borring_project\project_code\visualgdb\debug\main.gcc.rsp
e:\project_file\borring_project\project_code\visualgdb\debug\monitor.pb.gcc.rsp
e:\project_file\borring_project\project_code\visualgdb\debug\nanopb_usercode.gcc.rsp
e:\project_file\borring_project\project_code\visualgdb\debug\pb_common.gcc.rsp
e:\project_file\borring_project\project_code\visualgdb\debug\pb_decode.gcc.rsp
e:\project_file\borring_project\project_code\visualgdb\debug\pb_encode.gcc.rsp
e:\project_file\borring_project\project_code\visualgdb\debug\startup_stm32f103xb.gcc.rsp
e:\project_file\borring_project\project_code\visualgdb\debug\stm32f1xx_hal.gcc.rsp
e:\project_file\borring_project\project_code\visualgdb\debug\stm32f1xx_hal_adc.gcc.rsp
e:\project_file\borring_project\project_code\visualgdb\debug\stm32f1xx_hal_adc_ex.gcc.rsp
e:\project_file\borring_project\project_code\visualgdb\debug\stm32f1xx_hal_cortex.gcc.rsp
e:\project_file\borring_project\project_code\visualgdb\debug\stm32f1xx_hal_dma.gcc.rsp
e:\project_file\borring_project\project_code\visualgdb\debug\stm32f1xx_hal_flash.gcc.rsp
e:\project_file\borring_project\project_code\visualgdb\debug\stm32f1xx_hal_flash_ex.gcc.rsp
e:\project_file\borring_project\project_code\visualgdb\debug\stm32f1xx_hal_gpio.gcc.rsp
e:\project_file\borring_project\project_code\visualgdb\debug\stm32f1xx_hal_gpio_ex.gcc.rsp
e:\project_file\borring_project\project_code\visualgdb\debug\stm32f1xx_hal_iwdg.gcc.rsp
e:\project_file\borring_project\project_code\visualgdb\debug\stm32f1xx_hal_msp.gcc.rsp
e:\project_file\borring_project\project_code\visualgdb\debug\stm32f1xx_hal_pwr.gcc.rsp
e:\project_file\borring_project\project_code\visualgdb\debug\stm32f1xx_hal_rcc.gcc.rsp
e:\project_file\borring_project\project_code\visualgdb\debug\stm32f1xx_hal_rcc_ex.gcc.rsp
e:\project_file\borring_project\project_code\visualgdb\debug\stm32f1xx_hal_tim.gcc.rsp
e:\project_file\borring_project\project_code\visualgdb\debug\stm32f1xx_hal_tim_ex.gcc.rsp
e:\project_file\borring_project\project_code\visualgdb\debug\stm32f1xx_hal_uart.gcc.rsp
e:\project_file\borring_project\project_code\visualgdb\debug\stm32f1xx_it.gcc.rsp
e:\project_file\borring_project\project_code\visualgdb\debug\sys.gcc.rsp
e:\project_file\borring_project\project_code\visualgdb\debug\system_stm32f1xx.gcc.rsp
e:\project_file\borring_project\project_code\visualgdb\debug\tim.gcc.rsp
e:\project_file\borring_project\project_code\visualgdb\debug\usart.gcc.rsp
e:\project_file\borring_project\project_code\visualgdb\debug\big_project.alldeps
